Using pre-set license
Built from '2020.2/staging' branch; Version is '2020.2.3f1 (8ff31bc5bf5b) revision 9433883'; Using compiler version '192528614'; Build Type 'Release'
OS: 'Windows 10 Home; OS build 19042.1237; Version 2009; 64bit' Language: 'en' Physical Memory: 8070 MB
BatchMode: 1, IsHumanControllingUs: 0, StartBugReporterOnCrash: 0, Is64bit: 1, IsPro: 0

 COMMAND LINE ARGUMENTS:
C:\Program Files\Unity\Editor\2020.2.3f1\Editor\Unity.exe
-adb2
-batchMode
-noUpm
-name
AssetImportWorker0
-projectPath
C:/Users/rivas/Desktop/Flappy_Final_Rehearsal
-logFile
Logs/AssetImportWorker0.log
-srvPort
54013
Successfully changed project path to: C:/Users/rivas/Desktop/Flappy_Final_Rehearsal
C:/Users/rivas/Desktop/Flappy_Final_Rehearsal
Using Asset Import Pipeline V2.
Refreshing native plugins compatible for Editor in 111.17 ms, found 1 plugins.
Preloading 0 native plugins for Editor in 0.00 ms.
Initialize engine version: 2020.2.3f1 (8ff31bc5bf5b)
[Subsystems] Discovering subsystems at path C:/Program Files/Unity/Editor/2020.2.3f1/Editor/Data/Resources/UnitySubsystems
[Subsystems] Discovering subsystems at path C:/Users/rivas/Desktop/Flappy_Final_Rehearsal/Assets
GfxDevice: creating device client; threaded=0
Direct3D:
    Version:  Direct3D 11.0 [level 11.1]
    Renderer: Intel(R) UHD Graphics 620 (ID=0x3ea0)
    Vendor:   
    VRAM:     4035 MB
    Driver:   27.20.100.8935
Initialize mono
Mono path[0] = 'C:/Program Files/Unity/Editor/2020.2.3f1/Editor/Data/Managed'
Mono path[1] = 'C:/Program Files/Unity/Editor/2020.2.3f1/Editor/Data/MonoBleedingEdge/lib/mono/unityjit'
Mono config path = 'C:/Program Files/Unity/Editor/2020.2.3f1/Editor/Data/MonoBleedingEdge/etc'
Using monoOptions --debugger-agent=transport=dt_socket,embedding=1,server=y,suspend=n,address=127.0.0.1:56172
Begin MonoManager ReloadAssembly
Registering precompiled unity dll's ...
Register platform support module: C:/Program Files/Unity/Editor/2020.2.3f1/Editor/Data/PlaybackEngines/WindowsStandaloneSupport/UnityEditor.WindowsStandalone.Extensions.dll
Registered in 0.002858 seconds.
Native extension for WindowsStandalone target not found
Refreshing native plugins compatible for Editor in 103.89 ms, found 1 plugins.
Preloading 0 native plugins for Editor in 0.00 ms.
Invoked RoslynAnalysisRunner static constructor.
RoslynAnalysisRunner will not be running.
RoslynAnalysisRunner has terminated.
Mono: successfully reloaded assembly
- Completed reload, in  2.654 seconds
Platform modules already initialized, skipping
Registering precompiled user dll's ...
Registered in 0.001424 seconds.
Begin MonoManager ReloadAssembly
Native extension for WindowsStandalone target not found
Refreshing native plugins compatible for Editor in 112.74 ms, found 1 plugins.
Preloading 0 native plugins for Editor in 0.00 ms.
Invoked RoslynAnalysisRunner static constructor.
RoslynAnalysisRunner will not be running.
RoslynAnalysisRunner has terminated.
Mono: successfully reloaded assembly
- Completed reload, in  2.109 seconds
Platform modules already initialized, skipping
========================================================================
Worker process is ready to serve import requests
Script is not up to date after domain reload: guid(8f9f5503dd7c135489a118be589aaaf0) path("Assets/NewBehaviourScript.cs") state(2)
Launched and connected shader compiler UnityShaderCompiler.exe after 0.08 seconds
Refreshing native plugins compatible for Editor in 0.45 ms, found 1 plugins.
Preloading 0 native plugins for Editor in 0.00 ms.
Unloading 1792 Unused Serialized files (Serialized files now loaded: 0)
System memory in use before: 84.3 MB.
System memory in use after: 84.2 MB.

Unloading 24 unused Assets to reduce memory usage. Loaded Objects now: 2233.
Total: 2.933900 ms (FindLiveObjects: 0.256500 ms CreateObjectMapping: 0.100200 ms MarkObjects: 2.402100 ms  DeleteObjects: 0.173600 ms)

========================================================================
Received Import Request.
  path: Assets/NewBehaviourScript.cs
  artifactKey: Guid(8f9f5503dd7c135489a118be589aaaf0) Importer(815301076,1909f56bfc062723c751e8b465ee728b)
Start importing Assets/NewBehaviourScript.cs using Guid(8f9f5503dd7c135489a118be589aaaf0) Importer(815301076,1909f56bfc062723c751e8b465ee728b)  -> (artifact id: '3196e74e82399b34e71cd69fefa8c432') in 0.029819 seconds
  Import took 0.034412 seconds .

========================================================================
Received Prepare
Registering precompiled user dll's ...
Registered in 0.002178 seconds.
Begin MonoManager ReloadAssembly
Native extension for WindowsStandalone target not found
Refreshing native plugins compatible for Editor in 0.66 ms, found 1 plugins.
Preloading 0 native plugins for Editor in 0.00 ms.
Invoked RoslynAnalysisRunner static constructor.
RoslynAnalysisRunner will not be running.
RoslynAnalysisRunner has terminated.
Mono: successfully reloaded assembly
- Completed reload, in  1.946 seconds
Platform modules already initialized, skipping
Refreshing native plugins compatible for Editor in 0.65 ms, found 1 plugins.
Preloading 0 native plugins for Editor in 0.00 ms.
Unloading 1788 Unused Serialized files (Serialized files now loaded: 0)
System memory in use before: 84.3 MB.
System memory in use after: 84.2 MB.

Unloading 12 unused Assets to reduce memory usage. Loaded Objects now: 2237.
Total: 5.601100 ms (FindLiveObjects: 0.418800 ms CreateObjectMapping: 0.159500 ms MarkObjects: 4.722100 ms  DeleteObjects: 0.297600 ms)

========================================================================
Received Prepare
Registering precompiled user dll's ...
Registered in 0.001032 seconds.
Begin MonoManager ReloadAssembly
Native extension for WindowsStandalone target not found
Refreshing native plugins compatible for Editor in 0.87 ms, found 1 plugins.
Preloading 0 native plugins for Editor in 0.00 ms.
Invoked RoslynAnalysisRunner static constructor.
RoslynAnalysisRunner will not be running.
RoslynAnalysisRunner has terminated.
Mono: successfully reloaded assembly
- Completed reload, in  2.164 seconds
Platform modules already initialized, skipping
Refreshing native plugins compatible for Editor in 0.64 ms, found 1 plugins.
Preloading 0 native plugins for Editor in 0.00 ms.
Unloading 1787 Unused Serialized files (Serialized files now loaded: 0)
System memory in use before: 84.3 MB.
System memory in use after: 84.3 MB.

Unloading 13 unused Assets to reduce memory usage. Loaded Objects now: 2239.
Total: 4.063500 ms (FindLiveObjects: 0.339100 ms CreateObjectMapping: 0.156000 ms MarkObjects: 3.360600 ms  DeleteObjects: 0.205500 ms)

========================================================================
Received Import Request.
  Time since last request: 14.783522 seconds.
  path: Assets
  artifactKey: Guid(00000000000000001000000000000000) Importer(815301076,1909f56bfc062723c751e8b465ee728b)
Start importing Assets using Guid(00000000000000001000000000000000) Importer(815301076,1909f56bfc062723c751e8b465ee728b)  -> (artifact id: '653ce283d384579a24208b2e4d727c2a') in 0.008616 seconds
  Import took 0.014045 seconds .

========================================================================
Received Import Request.
  Time since last request: 0.015977 seconds.
  path: Assets
  artifactKey: Guid(00000000000000001000000000000000) Importer(815301076,1909f56bfc062723c751e8b465ee728b)
Start importing Assets using Guid(00000000000000001000000000000000) Importer(815301076,1909f56bfc062723c751e8b465ee728b)  -> (artifact id: '653ce283d384579a24208b2e4d727c2a') in 0.002711 seconds
  Import took 0.009268 seconds .

========================================================================
Received Import Request.
  Time since last request: 5.374034 seconds.
  path: Assets/Art
  artifactKey: Guid(04512f6c493715c45923ae7637b74cd2) Importer(815301076,1909f56bfc062723c751e8b465ee728b)
Start importing Assets/Art using Guid(04512f6c493715c45923ae7637b74cd2) Importer(815301076,1909f56bfc062723c751e8b465ee728b)  -> (artifact id: 'f41e0fa8311a7dac3b5b660c5dc37c1b') in 0.003212 seconds
  Import took 0.009587 seconds .

========================================================================
Received Import Request.
  Time since last request: 6.682486 seconds.
  path: Assets/Scripts
  artifactKey: Guid(71213880416af6d4f88d0d24e3056cfd) Importer(815301076,1909f56bfc062723c751e8b465ee728b)
Start importing Assets/Scripts using Guid(71213880416af6d4f88d0d24e3056cfd) Importer(815301076,1909f56bfc062723c751e8b465ee728b)  -> (artifact id: 'c0672dfadec6d07dd40c45625ea31bba') in 0.004032 seconds
  Import took 0.011885 seconds .

========================================================================
Received Import Request.
  Time since last request: 8.149021 seconds.
  path: Assets/Prefabs
  artifactKey: Guid(03ae6a53382f7324baa0925701fa8f33) Importer(815301076,1909f56bfc062723c751e8b465ee728b)
Start importing Assets/Prefabs using Guid(03ae6a53382f7324baa0925701fa8f33) Importer(815301076,1909f56bfc062723c751e8b465ee728b)  -> (artifact id: '9f6790650d9ee048367ad748ad650d02') in 0.003022 seconds
  Import took 0.009619 seconds .

========================================================================
Received Import Request.
  Time since last request: 12.511324 seconds.
  path: Assets/Art/FlappyTut_Assets.png
  artifactKey: Guid(1c7bfffd3c5765247977cce69e39cb49) Importer(815301076,1909f56bfc062723c751e8b465ee728b)
Start importing Assets/Art/FlappyTut_Assets.png using Guid(1c7bfffd3c5765247977cce69e39cb49) Importer(815301076,1909f56bfc062723c751e8b465ee728b)  -> (artifact id: 'f6b3447646ebfea5a8cd16c9e1b3b6d6') in 0.147776 seconds
  Import took 0.152493 seconds .

========================================================================
Received Import Request.
  Time since last request: 49.701374 seconds.
  path: Assets/Art/FlappyTut_Assets.png
  artifactKey: Guid(1c7bfffd3c5765247977cce69e39cb49) Importer(815301076,1909f56bfc062723c751e8b465ee728b)
Start importing Assets/Art/FlappyTut_Assets.png using Guid(1c7bfffd3c5765247977cce69e39cb49) Importer(815301076,1909f56bfc062723c751e8b465ee728b)  -> (artifact id: '0966fe4eed4a24f6fd0b1a5699f6dcf5') in 0.012197 seconds
  Import took 0.017438 seconds .

========================================================================
Received Import Request.
  Time since last request: 0.012255 seconds.
  path: Assets/Art/FlappyTut_Assets.png
  artifactKey: Guid(1c7bfffd3c5765247977cce69e39cb49) Importer(815301076,1909f56bfc062723c751e8b465ee728b)
Start importing Assets/Art/FlappyTut_Assets.png using Guid(1c7bfffd3c5765247977cce69e39cb49) Importer(815301076,1909f56bfc062723c751e8b465ee728b)  -> (artifact id: '0966fe4eed4a24f6fd0b1a5699f6dcf5') in 0.010553 seconds
  Import took 0.015754 seconds .

========================================================================
Received Import Request.
  Time since last request: 20.215785 seconds.
  path: Assets/Art/FlappyTut_Assets.png
  artifactKey: Guid(1c7bfffd3c5765247977cce69e39cb49) Importer(815301076,1909f56bfc062723c751e8b465ee728b)
Start importing Assets/Art/FlappyTut_Assets.png using Guid(1c7bfffd3c5765247977cce69e39cb49) Importer(815301076,1909f56bfc062723c751e8b465ee728b)  -> (artifact id: '1558bb0b206b319364748049d02d3c60') in 0.063978 seconds
  Import took 0.073033 seconds .

========================================================================
Received Import Request.
  Time since last request: 33.680792 seconds.
  path: Assets/Art/FlappyTut_Assets.png
  artifactKey: Guid(1c7bfffd3c5765247977cce69e39cb49) Importer(815301076,1909f56bfc062723c751e8b465ee728b)
Start importing Assets/Art/FlappyTut_Assets.png using Guid(1c7bfffd3c5765247977cce69e39cb49) Importer(815301076,1909f56bfc062723c751e8b465ee728b)  -> (artifact id: '680a725b093329a093081cbaf95c0c6f') in 0.044649 seconds
  Import took 0.050575 seconds .

========================================================================
Received Prepare
Registering precompiled user dll's ...
Registered in 0.001715 seconds.
Begin MonoManager ReloadAssembly
Native extension for WindowsStandalone target not found
Refreshing native plugins compatible for Editor in 0.47 ms, found 1 plugins.
Preloading 0 native plugins for Editor in 0.00 ms.
Invoked RoslynAnalysisRunner static constructor.
RoslynAnalysisRunner will not be running.
RoslynAnalysisRunner has terminated.
Mono: successfully reloaded assembly
- Completed reload, in  1.639 seconds
Platform modules already initialized, skipping
Refreshing native plugins compatible for Editor in 0.43 ms, found 1 plugins.
Preloading 0 native plugins for Editor in 0.00 ms.
Unloading 1787 Unused Serialized files (Serialized files now loaded: 0)
System memory in use before: 87.4 MB.
System memory in use after: 87.4 MB.

Unloading 12 unused Assets to reduce memory usage. Loaded Objects now: 2258.
Total: 2.746300 ms (FindLiveObjects: 0.254600 ms CreateObjectMapping: 0.096700 ms MarkObjects: 2.259600 ms  DeleteObjects: 0.134300 ms)

========================================================================
Received Prepare
Registering precompiled user dll's ...
Registered in 0.001043 seconds.
Begin MonoManager ReloadAssembly
Native extension for WindowsStandalone target not found
Refreshing native plugins compatible for Editor in 0.44 ms, found 1 plugins.
Preloading 0 native plugins for Editor in 0.00 ms.
Invoked RoslynAnalysisRunner static constructor.
RoslynAnalysisRunner will not be running.
RoslynAnalysisRunner has terminated.
Mono: successfully reloaded assembly
- Completed reload, in  1.468 seconds
Platform modules already initialized, skipping
Refreshing native plugins compatible for Editor in 0.57 ms, found 1 plugins.
Preloading 0 native plugins for Editor in 0.00 ms.
Unloading 1788 Unused Serialized files (Serialized files now loaded: 0)
System memory in use before: 87.4 MB.
System memory in use after: 87.4 MB.

Unloading 12 unused Assets to reduce memory usage. Loaded Objects now: 2262.
Total: 3.047300 ms (FindLiveObjects: 0.273400 ms CreateObjectMapping: 0.121800 ms MarkObjects: 2.448800 ms  DeleteObjects: 0.201800 ms)

========================================================================
Received Import Request.
  Time since last request: 242.227526 seconds.
  path: Assets/Scripts/Birdie.cs
  artifactKey: Guid(da557c825e4bebb48a469cb886bee8cf) Importer(815301076,1909f56bfc062723c751e8b465ee728b)
Start importing Assets/Scripts/Birdie.cs using Guid(da557c825e4bebb48a469cb886bee8cf) Importer(815301076,1909f56bfc062723c751e8b465ee728b)  -> (artifact id: '6d5219791d59c82cf3ff9a6c5cfbf3b5') in 0.007424 seconds
  Import took 0.012799 seconds .

========================================================================
Received Prepare
Registering precompiled user dll's ...
Registered in 0.000829 seconds.
Begin MonoManager ReloadAssembly
Native extension for WindowsStandalone target not found
Refreshing native plugins compatible for Editor in 0.39 ms, found 1 plugins.
Preloading 0 native plugins for Editor in 0.00 ms.
Invoked RoslynAnalysisRunner static constructor.
RoslynAnalysisRunner will not be running.
RoslynAnalysisRunner has terminated.
Mono: successfully reloaded assembly
- Completed reload, in  1.542 seconds
Platform modules already initialized, skipping
Refreshing native plugins compatible for Editor in 0.44 ms, found 1 plugins.
Preloading 0 native plugins for Editor in 0.00 ms.
Unloading 1788 Unused Serialized files (Serialized files now loaded: 0)
System memory in use before: 87.4 MB.
System memory in use after: 87.4 MB.

Unloading 12 unused Assets to reduce memory usage. Loaded Objects now: 2265.
Total: 3.877300 ms (FindLiveObjects: 0.321000 ms CreateObjectMapping: 0.157600 ms MarkObjects: 3.255500 ms  DeleteObjects: 0.140900 ms)

========================================================================
Received Prepare
Registering precompiled user dll's ...
Registered in 0.000882 seconds.
Begin MonoManager ReloadAssembly
Native extension for WindowsStandalone target not found
Refreshing native plugins compatible for Editor in 0.66 ms, found 1 plugins.
Preloading 0 native plugins for Editor in 0.00 ms.
Invoked RoslynAnalysisRunner static constructor.
RoslynAnalysisRunner will not be running.
RoslynAnalysisRunner has terminated.
Mono: successfully reloaded assembly
- Completed reload, in  1.747 seconds
Platform modules already initialized, skipping
Refreshing native plugins compatible for Editor in 0.71 ms, found 1 plugins.
Preloading 0 native plugins for Editor in 0.00 ms.
Unloading 1788 Unused Serialized files (Serialized files now loaded: 0)
System memory in use before: 87.4 MB.
System memory in use after: 87.4 MB.

Unloading 12 unused Assets to reduce memory usage. Loaded Objects now: 2268.
Total: 3.682400 ms (FindLiveObjects: 0.288300 ms CreateObjectMapping: 0.123900 ms MarkObjects: 3.046500 ms  DeleteObjects: 0.221800 ms)

========================================================================
Received Prepare
Registering precompiled user dll's ...
Registered in 0.001046 seconds.
Begin MonoManager ReloadAssembly
Native extension for WindowsStandalone target not found
Refreshing native plugins compatible for Editor in 0.58 ms, found 1 plugins.
Preloading 0 native plugins for Editor in 0.00 ms.
Invoked RoslynAnalysisRunner static constructor.
RoslynAnalysisRunner will not be running.
RoslynAnalysisRunner has terminated.
Mono: successfully reloaded assembly
- Completed reload, in  1.394 seconds
Platform modules already initialized, skipping
Refreshing native plugins compatible for Editor in 0.51 ms, found 1 plugins.
Preloading 0 native plugins for Editor in 0.00 ms.
Unloading 1788 Unused Serialized files (Serialized files now loaded: 0)
System memory in use before: 87.5 MB.
System memory in use after: 87.5 MB.

Unloading 12 unused Assets to reduce memory usage. Loaded Objects now: 2271.
Total: 2.747000 ms (FindLiveObjects: 0.244400 ms CreateObjectMapping: 0.098700 ms MarkObjects: 2.255900 ms  DeleteObjects: 0.146700 ms)

========================================================================
Received Prepare
Registering precompiled user dll's ...
Registered in 0.001750 seconds.
Begin MonoManager ReloadAssembly
Native extension for WindowsStandalone target not found
Refreshing native plugins compatible for Editor in 0.57 ms, found 1 plugins.
Preloading 0 native plugins for Editor in 0.00 ms.
Invoked RoslynAnalysisRunner static constructor.
RoslynAnalysisRunner will not be running.
RoslynAnalysisRunner has terminated.
Mono: successfully reloaded assembly
- Completed reload, in  1.831 seconds
Platform modules already initialized, skipping
Refreshing native plugins compatible for Editor in 0.43 ms, found 1 plugins.
Preloading 0 native plugins for Editor in 0.00 ms.
Unloading 1788 Unused Serialized files (Serialized files now loaded: 0)
System memory in use before: 87.5 MB.
System memory in use after: 87.5 MB.

Unloading 12 unused Assets to reduce memory usage. Loaded Objects now: 2274.
Total: 4.109500 ms (FindLiveObjects: 0.321800 ms CreateObjectMapping: 0.106200 ms MarkObjects: 3.479200 ms  DeleteObjects: 0.199800 ms)

========================================================================
Received Prepare
Registering precompiled user dll's ...
Registered in 0.002545 seconds.
Begin MonoManager ReloadAssembly
Native extension for WindowsStandalone target not found
Refreshing native plugins compatible for Editor in 0.63 ms, found 1 plugins.
Preloading 0 native plugins for Editor in 0.00 ms.
Invoked RoslynAnalysisRunner static constructor.
RoslynAnalysisRunner will not be running.
RoslynAnalysisRunner has terminated.
Mono: successfully reloaded assembly
- Completed reload, in  1.931 seconds
Platform modules already initialized, skipping
Refreshing native plugins compatible for Editor in 0.57 ms, found 1 plugins.
Preloading 0 native plugins for Editor in 0.00 ms.
Unloading 1788 Unused Serialized files (Serialized files now loaded: 0)
System memory in use before: 87.5 MB.
System memory in use after: 87.5 MB.

Unloading 12 unused Assets to reduce memory usage. Loaded Objects now: 2277.
Total: 4.043700 ms (FindLiveObjects: 0.319200 ms CreateObjectMapping: 0.123000 ms MarkObjects: 3.390700 ms  DeleteObjects: 0.201900 ms)

========================================================================
Received Import Request.
  Time since last request: 696.473387 seconds.
  path: Assets/Scripts/MovementLeft.cs
  artifactKey: Guid(cf6fa5b3a79566242976f8afc912136f) Importer(815301076,1909f56bfc062723c751e8b465ee728b)
Start importing Assets/Scripts/MovementLeft.cs using Guid(cf6fa5b3a79566242976f8afc912136f) Importer(815301076,1909f56bfc062723c751e8b465ee728b)  -> (artifact id: 'd183ad3ae958c0e8b096478dcc79df4d') in 0.009992 seconds
  Import took 0.017955 seconds .

========================================================================
Received Prepare
Registering precompiled user dll's ...
Registered in 0.001426 seconds.
Begin MonoManager ReloadAssembly
Native extension for WindowsStandalone target not found
Refreshing native plugins compatible for Editor in 0.39 ms, found 1 plugins.
Preloading 0 native plugins for Editor in 0.00 ms.
Invoked RoslynAnalysisRunner static constructor.
RoslynAnalysisRunner will not be running.
RoslynAnalysisRunner has terminated.
Mono: successfully reloaded assembly
- Completed reload, in  1.349 seconds
Platform modules already initialized, skipping
Refreshing native plugins compatible for Editor in 0.76 ms, found 1 plugins.
Preloading 0 native plugins for Editor in 0.00 ms.
Unloading 1789 Unused Serialized files (Serialized files now loaded: 0)
System memory in use before: 87.5 MB.
System memory in use after: 87.5 MB.

Unloading 12 unused Assets to reduce memory usage. Loaded Objects now: 2281.
Total: 4.000200 ms (FindLiveObjects: 0.473500 ms CreateObjectMapping: 0.191200 ms MarkObjects: 3.133200 ms  DeleteObjects: 0.200500 ms)

========================================================================
Received Prepare
Registering precompiled user dll's ...
Registered in 0.001631 seconds.
Begin MonoManager ReloadAssembly
Native extension for WindowsStandalone target not found
Refreshing native plugins compatible for Editor in 0.77 ms, found 1 plugins.
Preloading 0 native plugins for Editor in 0.00 ms.
Invoked RoslynAnalysisRunner static constructor.
RoslynAnalysisRunner will not be running.
RoslynAnalysisRunner has terminated.
Mono: successfully reloaded assembly
- Completed reload, in  1.724 seconds
Platform modules already initialized, skipping
Refreshing native plugins compatible for Editor in 0.66 ms, found 1 plugins.
Preloading 0 native plugins for Editor in 0.00 ms.
Unloading 1789 Unused Serialized files (Serialized files now loaded: 0)
System memory in use before: 87.5 MB.
System memory in use after: 87.5 MB.

Unloading 12 unused Assets to reduce memory usage. Loaded Objects now: 2284.
Total: 3.713600 ms (FindLiveObjects: 0.339200 ms CreateObjectMapping: 0.201600 ms MarkObjects: 3.007000 ms  DeleteObjects: 0.163800 ms)

========================================================================
Received Prepare
Registering precompiled user dll's ...
Registered in 0.000988 seconds.
Begin MonoManager ReloadAssembly
Native extension for WindowsStandalone target not found
Refreshing native plugins compatible for Editor in 0.42 ms, found 1 plugins.
Preloading 0 native plugins for Editor in 0.00 ms.
Invoked RoslynAnalysisRunner static constructor.
RoslynAnalysisRunner will not be running.
RoslynAnalysisRunner has terminated.
Mono: successfully reloaded assembly
- Completed reload, in  1.603 seconds
Platform modules already initialized, skipping
Refreshing native plugins compatible for Editor in 0.72 ms, found 1 plugins.
Preloading 0 native plugins for Editor in 0.00 ms.
Unloading 1789 Unused Serialized files (Serialized files now loaded: 0)
System memory in use before: 87.5 MB.
System memory in use after: 87.5 MB.

Unloading 12 unused Assets to reduce memory usage. Loaded Objects now: 2287.
Total: 3.020300 ms (FindLiveObjects: 0.254400 ms CreateObjectMapping: 0.103100 ms MarkObjects: 2.510400 ms  DeleteObjects: 0.150700 ms)

========================================================================
Received Prepare
Registering precompiled user dll's ...
Registered in 0.001563 seconds.
Begin MonoManager ReloadAssembly
Native extension for WindowsStandalone target not found
Refreshing native plugins compatible for Editor in 0.61 ms, found 1 plugins.
Preloading 0 native plugins for Editor in 0.00 ms.
Invoked RoslynAnalysisRunner static constructor.
RoslynAnalysisRunner will not be running.
RoslynAnalysisRunner has terminated.
Mono: successfully reloaded assembly
- Completed reload, in  1.888 seconds
Platform modules already initialized, skipping
Refreshing native plugins compatible for Editor in 0.42 ms, found 1 plugins.
Preloading 0 native plugins for Editor in 0.00 ms.
Unloading 1789 Unused Serialized files (Serialized files now loaded: 0)
System memory in use before: 87.5 MB.
System memory in use after: 87.5 MB.

Unloading 12 unused Assets to reduce memory usage. Loaded Objects now: 2290.
Total: 2.694300 ms (FindLiveObjects: 0.225400 ms CreateObjectMapping: 0.086400 ms MarkObjects: 2.245400 ms  DeleteObjects: 0.135800 ms)

========================================================================
Received Prepare
Registering precompiled user dll's ...
Registered in 0.000943 seconds.
Begin MonoManager ReloadAssembly
Native extension for WindowsStandalone target not found
Refreshing native plugins compatible for Editor in 0.67 ms, found 1 plugins.
Preloading 0 native plugins for Editor in 0.00 ms.
Invoked RoslynAnalysisRunner static constructor.
RoslynAnalysisRunner will not be running.
RoslynAnalysisRunner has terminated.
Mono: successfully reloaded assembly
- Completed reload, in  1.809 seconds
Platform modules already initialized, skipping
Refreshing native plugins compatible for Editor in 0.51 ms, found 1 plugins.
Preloading 0 native plugins for Editor in 0.00 ms.
Unloading 1789 Unused Serialized files (Serialized files now loaded: 0)
System memory in use before: 87.5 MB.
System memory in use after: 87.5 MB.

Unloading 12 unused Assets to reduce memory usage. Loaded Objects now: 2293.
Total: 2.822300 ms (FindLiveObjects: 0.238800 ms CreateObjectMapping: 0.088100 ms MarkObjects: 2.360500 ms  DeleteObjects: 0.133800 ms)

========================================================================
Received Prepare
Registering precompiled user dll's ...
Registered in 0.001342 seconds.
Begin MonoManager ReloadAssembly
Native extension for WindowsStandalone target not found
Refreshing native plugins compatible for Editor in 0.54 ms, found 1 plugins.
Preloading 0 native plugins for Editor in 0.00 ms.
Invoked RoslynAnalysisRunner static constructor.
RoslynAnalysisRunner will not be running.
RoslynAnalysisRunner has terminated.
Mono: successfully reloaded assembly
- Completed reload, in  1.839 seconds
Platform modules already initialized, skipping
Refreshing native plugins compatible for Editor in 0.63 ms, found 1 plugins.
Preloading 0 native plugins for Editor in 0.00 ms.
Unloading 1789 Unused Serialized files (Serialized files now loaded: 0)
System memory in use before: 87.5 MB.
System memory in use after: 87.5 MB.

Unloading 12 unused Assets to reduce memory usage. Loaded Objects now: 2296.
Total: 3.030100 ms (FindLiveObjects: 0.289200 ms CreateObjectMapping: 0.105700 ms MarkObjects: 2.473900 ms  DeleteObjects: 0.159200 ms)

AssetImportWorkerClient::OnTransportError - code=2 error=End of file
